2026-06-30 22:25:55, MOVE, v:1, k:ed@wordsearch, mode:PICK
2026-06-30 22:25:56, EXEC, v:1, k:ed@wordsearch, mode:FULL, size:75, fail:COMP
2026-06-30 22:26:24, MOVE, v:1, k:ed@wordsearch, mode:PICK
2026-06-30 22:26:24, EXEC, v:1, k:ed@wordsearch, mode:FULL, fail:COMP
2026-06-30 22:27:20, EXEC, v:1, k:ed@wordsearch, mode:FULL, size:74, fail:COMP
2026-06-30 22:27:21, EXEC, v:1, k:ed@wordsearch, mode:FULL, fail:COMP
2026-06-30 22:27:25, EXEC, v:1, k:ed@wordsearch, mode:FULL, fail:COMP
2026-06-30 22:27:42, EXEC, v:1, k:ed@wordsearch, mode:FULL, rate:25, size:74
2026-06-30 22:28:25, EXEC, v:1, k:ed@wordsearch, mode:FULL, rate:0, size:74
2026-06-30 22:29:09, EXEC, v:1, k:ed@wordsearch, mode:FULL, rate:25, size:74
2026-06-30 22:29:08, MOVE, v:1, k:ed@wordsearch, mode:EDIT
2026-06-30 22:31:25, MOVE, v:1, k:ed@wordsearch, mode:EDIT
2026-06-30 22:40:44, MOVE, v:1, k:ed@wordsearch, mode:EDIT
2026-06-30 22:47:53, MOVE, v:1, k:ed@wordsearch, mode:EDIT
2026-06-30 22:55:41, MOVE, v:1, k:ed@wordsearch, mode:EDIT
2026-06-30 22:58:33, EXEC, v:1, k:ed@wordsearch, mode:FULL, rate:0, size:86
2026-06-30 22:58:42, MOVE, v:1, k:ed@wordsearch, mode:BACK
2026-06-30 22:57:29, MOVE, v:1, k:ed@wordsearch, mode:EDIT
2026-06-30 23:03:28, MOVE, v:1, k:ed@wordsearch, mode:PICK
2026-06-30 23:03:28, EXEC, v:1, k:ed@wordsearch, mode:FULL, rate:0, size:77
2026-06-30 23:03:46, MOVE, v:1, k:ed@wordsearch, mode:EDIT
2026-06-30 23:09:32, EXEC, v:1, k:ed@wordsearch, mode:FULL, rate:0, size:87
2026-06-30 23:09:34, EXEC, v:1, k:ed@wordsearch, mode:FULL, rate:0
2026-06-30 23:10:22, EXEC, v:1, k:ed@wordsearch, mode:FULL, rate:25, size:93
2026-06-30 23:10:19, MOVE, v:1, k:ed@wordsearch, mode:EDIT
2026-06-30 23:11:10, EXEC, v:1, k:ed@wordsearch, mode:FULL, rate:100, size:93
2026-06-30 23:11:14, MOVE, v:1, k:ed@wordsearch, mode:BACK
2026-06-30 23:11:56, SELF, v:1, k:ed@wordsearch, self:1, rate:100, study:52, debug:1
2026-06-30 23:12:56, MOVE, v:1, k:ed@sudoku, mode:DOWN
2026-06-30 23:12:56, MOVE, v:1, k:ed@sudoku, mode:PICK
2026-06-30 23:12:57, EXEC, v:1, k:ed@sudoku, mode:FULL, rate:0, size:5
2026-06-30 23:12:56, MOVE, v:1, k:ed@sudoku, mode:EDIT
2026-06-30 23:31:09, EXEC, v:1, k:ed@sudoku, mode:FULL, rate:0
2026-06-30 23:31:11, MOVE, v:1, k:ed@sudoku, mode:BACK
