2026-05-25 15:47:55, MOVE, v:1, k:ed@setbuild, mode:PICK
2026-05-25 15:47:57, EXEC, v:1, k:ed@setbuild, mode:FULL, rate:0
2026-05-25 15:51:08, MOVE, v:1, k:ed@setbuild, mode:EDIT
2026-05-25 16:01:24, MOVE, v:1, k:ed@setbuild, mode:EDIT
2026-05-25 16:06:25, MOVE, v:1, k:ed@setbuild, mode:EDIT
2026-05-25 16:06:31, EXEC, v:1, k:ed@setbuild, mode:FULL, size:65, fail:COMP
2026-05-25 16:06:39, MOVE, v:1, k:ed@setbuild, mode:BACK
2026-05-25 16:09:13, MOVE, v:1, k:ed@setbuild, mode:PICK
2026-05-25 16:09:14, EXEC, v:1, k:ed@setbuild, mode:FULL, size:68, fail:COMP
2026-05-25 16:11:33, MOVE, v:1, k:ed@setbuild, mode:EDIT
2026-05-25 16:21:59, MOVE, v:1, k:ed@setbuild, mode:EDIT
2026-05-25 16:26:57, MOVE, v:1, k:ed@setbuild, mode:EDIT
2026-05-25 16:31:59, MOVE, v:1, k:ed@setbuild, mode:EDIT
2026-05-25 16:34:29, EXEC, v:1, k:ed@setbuild, mode:FULL, rate:0, size:134
2026-05-25 16:34:36, EXEC, v:1, k:ed@setbuild, mode:FULL, rate:0, size:134
2026-05-25 16:35:05, EXEC, v:1, k:ed@setbuild, mode:FULL, rate:0, size:134
2026-05-25 16:35:58, MOVE, v:1, k:ed@setbuild, mode:EDIT
2026-05-25 16:41:51, MOVE, v:1, k:ed@setbuild, mode:EDIT
2026-05-25 16:43:19, EXEC, v:1, k:ed@setbuild, mode:FULL, rate:0, size:137
2026-05-25 16:43:44, EXEC, v:1, k:ed@setbuild, mode:FULL, rate:0, size:137
2026-05-25 16:44:36, EXEC, v:1, k:ed@setbuild, mode:FULL, rate:0, size:137
2026-05-25 16:44:50, EXEC, v:1, k:ed@setbuild, mode:FULL, rate:33, size:137
2026-05-25 16:46:58, MOVE, v:1, k:ed@setbuild, mode:EDIT
2026-05-25 16:47:10, EXEC, v:1, k:ed@setbuild, mode:FULL, rate:66, size:142
2026-05-25 16:50:41, MOVE, v:1, k:ed@setbuild, mode:EDIT
2026-05-25 16:56:55, MOVE, v:1, k:ed@setbuild, mode:EDIT
2026-05-25 17:01:36, MOVE, v:1, k:ed@setbuild, mode:EDIT
2026-05-25 17:06:05, EXEC, v:1, k:ed@setbuild, mode:FULL, rate:100, size:174
2026-05-25 17:06:41, EXEC, v:1, k:ed@setbuild, mode:FULL, rate:100
2026-05-25 17:06:41, EXEC, v:1, k:ed@setbuild, mode:FULL, rate:100
2026-05-25 17:06:42, EXEC, v:1, k:ed@setbuild, mode:FULL, rate:100
2026-05-25 17:06:42, EXEC, v:1, k:ed@setbuild, mode:FULL, rate:100
2026-05-25 17:06:53, MOVE, v:1, k:ed@setbuild, mode:BACK
2026-05-25 17:06:02, MOVE, v:1, k:ed@setbuild, mode:EDIT
2026-05-25 17:07:02, MOVE, v:1, k:ed@setbuild, mode:PICK
2026-05-25 17:07:03, EXEC, v:1, k:ed@setbuild, mode:FULL, rate:100
2026-05-25 17:07:04, MOVE, v:1, k:ed@setbuild, mode:BACK
2026-05-25 17:07:47, SELF, v:1, k:ed@setbuild, self:1, rate:100, study:80
2026-05-25 17:07:56, MOVE, v:1, k:ed@multiset, mode:DOWN
