2026-06-12 00:01:41, EXEC, v:1, k:ed@lista_d2, mode:FULL, rate:20, size:200
2026-06-12 00:03:12, EXEC, v:1, k:ed@lista_d2, mode:FULL, rate:40, size:206
2026-06-12 00:03:10, MOVE, v:1, k:ed@lista_d2, mode:EDIT
2026-06-12 00:03:51, EXEC, v:1, k:ed@lista_d2, mode:FULL, rate:40
2026-06-12 00:03:52, MOVE, v:1, k:ed@lista_d2, mode:BACK
2026-06-12 00:04:03, MOVE, v:1, k:ed@lista_d2, mode:PICK
2026-06-12 00:04:04, EXEC, v:1, k:ed@lista_d2, mode:FULL, rate:40
2026-06-12 00:04:07, MOVE, v:1, k:ed@lista_d2, mode:BACK
2026-06-12 00:05:43, SELF, v:1, k:ed@editorint, self:1, rate:100, study:135, concept:1
2026-06-12 00:03:48, MOVE, v:1, k:ed@lista_d2, mode:EDIT
2026-06-12 22:00:42, SELF, v:1, k:ed@editorint, self:1, rate:100, study:135, concept:1
2026-06-12 22:01:56, MOVE, v:1, k:ed@lista_d2, mode:PICK
2026-06-12 22:01:57, EXEC, v:1, k:ed@lista_d2, mode:FULL, rate:40
2026-06-12 22:02:03, MOVE, v:1, k:ed@lista_d2, mode:BACK
2026-06-12 22:02:37, MOVE, v:1, k:ed@lista_d2, mode:PICK
2026-06-12 22:02:38, EXEC, v:1, k:ed@lista_d2, mode:FULL, rate:40
2026-06-12 22:04:24, MOVE, v:1, k:ed@lista_d2, mode:EDIT
2026-06-12 22:08:53, EXEC, v:1, k:ed@lista_d2, mode:FULL, rate:60, size:217
2026-06-12 22:09:51, MOVE, v:1, k:ed@lista_d2, mode:EDIT
2026-06-12 22:17:18, MOVE, v:1, k:ed@lista_d2, mode:EDIT
2026-06-12 22:18:44, EXEC, v:1, k:ed@lista_d2, mode:FULL, rate:60, size:227
2026-06-12 22:22:12, EXEC, v:1, k:ed@lista_d2, mode:FULL, rate:60
2026-06-12 22:22:10, MOVE, v:1, k:ed@lista_d2, mode:EDIT
2026-06-12 22:19:37, MOVE, v:1, k:ed@lista_d2, mode:EDIT
2026-06-12 22:23:48, EXEC, v:1, k:ed@lista_d2, mode:FULL, rate:80, size:228
2026-06-12 22:26:14, EXEC, v:1, k:ed@lista_d2, mode:FULL, rate:100, size:233
2026-06-12 22:26:13, MOVE, v:1, k:ed@lista_d2, mode:EDIT
2026-06-12 22:27:56, MOVE, v:1, k:ed@lista_d2, mode:BACK
2026-06-12 22:28:21, SELF, v:1, k:ed@lista_d2, self:1, rate:100, study:125
2026-06-12 22:29:43, MOVE, v:1, k:ed@lista_d3, mode:PICK
2026-06-12 22:29:43, EXEC, v:1, k:ed@lista_d3, mode:FULL, rate:0
2026-06-12 22:36:57, MOVE, v:1, k:ed@lista_d3, mode:EDIT
2026-06-12 22:40:27, EXEC, v:1, k:ed@lista_d3, mode:FULL, rate:0, size:122
2026-06-12 22:43:24, EXEC, v:1, k:ed@lista_d3, mode:FULL, rate:25, size:122
2026-06-12 22:43:52, MOVE, v:1, k:ed@lista_d3, mode:EDIT
2026-06-12 22:51:22, EXEC, v:1, k:ed@lista_d3, mode:FULL, rate:25, size:131
2026-06-12 22:51:57, EXEC, v:1, k:ed@lista_d3, mode:FULL, rate:25
2026-06-12 22:53:56, MOVE, v:1, k:ed@lista_d3, mode:EDIT
2026-06-12 22:55:29, EXEC, v:1, k:ed@lista_d3, mode:FULL, rate:25, size:135
2026-06-12 22:55:47, EXEC, v:1, k:ed@lista_d3, mode:FULL, rate:25, size:134
2026-06-12 22:55:49, EXEC, v:1, k:ed@lista_d3, mode:FULL, rate:25
2026-06-12 22:55:48, MOVE, v:1, k:ed@lista_d3, mode:EDIT
2026-06-12 23:00:59, EXEC, v:1, k:ed@lista_d3, mode:FULL, rate:25, size:138
2026-06-12 23:01:30, EXEC, v:1, k:ed@lista_d3, mode:FULL, rate:25, size:138
2026-06-12 23:01:47, EXEC, v:1, k:ed@lista_d3, mode:FULL, rate:25, size:138
2026-06-12 23:02:00, EXEC, v:1, k:ed@lista_d3, mode:FULL, rate:25, size:138
2026-06-12 23:03:27, MOVE, v:1, k:ed@lista_d3, mode:EDIT
2026-06-12 23:06:22, EXEC, v:1, k:ed@lista_d3, mode:FULL, rate:25, size:133
2026-06-12 23:09:20, MOVE, v:1, k:ed@lista_d3, mode:EDIT
2026-06-12 23:09:39, EXEC, v:1, k:ed@lista_d3, mode:FULL, rate:50, size:142
2026-06-12 23:11:31, MOVE, v:1, k:ed@lista_d3, mode:EDIT
2026-06-12 23:19:27, MOVE, v:1, k:ed@lista_d3, mode:EDIT
2026-06-12 23:19:36, EXEC, v:1, k:ed@lista_d3, mode:FULL, rate:75, size:158
2026-06-12 23:35:35, MOVE, v:1, k:ed@lista_d3, mode:EDIT
2026-06-12 23:42:19, MOVE, v:1, k:ed@lista_d3, mode:EDIT
2026-06-12 23:47:28, EXEC, v:1, k:ed@lista_d3, mode:FULL, rate:75, size:186
2026-06-12 23:47:36, EXEC, v:1, k:ed@lista_d3, mode:FULL, rate:75
2026-06-12 23:48:28, EXEC, v:1, k:ed@lista_d3, mode:FULL, rate:100, size:186
2026-06-12 23:48:33, MOVE, v:1, k:ed@lista_d3, mode:BACK
2026-06-12 23:49:16, SELF, v:1, k:ed@lista_d3, self:1, rate:100, study:78
2026-06-12 23:48:25, MOVE, v:1, k:ed@lista_d3, mode:EDIT
2026-06-12 23:50:02, SELF, v:1, k:ed@lista_d3, self:1, rate:100, study:79
2026-06-12 23:50:55, SELF, v:1, k:ed@editorint, self:1, rate:100, study:148, concept:1
