2026-04-14 08:26:53, SELF, v:1, k:ed@+analise, self:1, rate:100, study:35
2026-04-14 08:27:07, MOVE, v:1, k:ed@labirinto, mode:DOWN
2026-04-14 08:27:10, MOVE, v:1, k:ed@labirinto, mode:PICK
2026-04-14 08:27:07, MOVE, v:1, k:ed@labirinto, mode:EDIT
2026-04-14 08:27:07, MOVE, v:1, k:ed@labirinto, mode:EDIT
2026-04-14 08:30:40, MOVE, v:1, k:ed@labirinto, mode:EDIT
2026-04-14 08:35:54, MOVE, v:1, k:ed@labirinto, mode:EDIT
2026-04-14 08:39:17, MOVE, v:1, k:ed@labirinto, mode:EDIT
2026-04-14 08:45:34, MOVE, v:1, k:ed@labirinto, mode:EDIT
2026-04-14 08:50:47, MOVE, v:1, k:ed@labirinto, mode:EDIT
2026-04-14 08:51:38, EXEC, v:1, k:ed@labirinto, mode:FULL, rate:0, size:87
2026-04-14 08:54:14, MOVE, v:1, k:ed@labirinto, mode:EDIT
2026-04-14 09:00:38, MOVE, v:1, k:ed@labirinto, mode:EDIT
2026-04-14 09:03:38, EXEC, v:1, k:ed@labirinto, mode:FULL, rate:0, size:88
2026-04-14 09:06:01, MOVE, v:1, k:ed@labirinto, mode:EDIT
2026-04-14 09:07:45, EXEC, v:1, k:ed@labirinto, mode:FULL, size:90, fail:COMP
2026-04-14 09:08:11, EXEC, v:1, k:ed@labirinto, mode:FULL, rate:0, size:90
2026-04-14 09:09:29, EXEC, v:1, k:ed@labirinto, mode:FULL, rate:16, size:91
2026-04-14 09:09:15, MOVE, v:1, k:ed@labirinto, mode:EDIT
2026-04-14 09:11:44, EXEC, v:1, k:ed@labirinto, mode:FULL, rate:100, size:93
2026-04-14 09:11:51, MOVE, v:1, k:ed@labirinto, mode:BACK
2026-04-14 09:12:25, SELF, v:1, k:ed@labirinto, self:1, rate:100, study:44
2026-04-14 09:12:40, MOVE, v:1, k:ed@eh_primo, mode:DOWN
2026-04-14 09:13:00, MOVE, v:1, k:ed@eh_primo, mode:PICK
2026-04-14 09:16:50, EXEC, v:1, k:ed@eh_primo, mode:FULL, rate:100, size:30
2026-04-14 09:12:59, MOVE, v:1, k:ed@eh_primo, mode:EDIT
2026-04-14 09:12:40, MOVE, v:1, k:ed@eh_primo, mode:EDIT
2026-04-14 09:16:43, MOVE, v:1, k:ed@eh_primo, mode:EDIT
2026-04-14 09:17:10, MOVE, v:1, k:ed@eh_primo, mode:BACK
2026-04-14 09:17:33, SELF, v:1, k:ed@eh_primo, self:1, rate:100, study:5
2026-04-14 09:18:13, MOVE, v:1, k:ed@vetequals, mode:DOWN
2026-04-14 09:21:50, MOVE, v:1, k:ed@vetequals, mode:PICK
2026-04-14 09:21:51, EXEC, v:1, k:ed@vetequals, mode:FULL, rate:100, size:61
2026-04-14 09:18:13, MOVE, v:1, k:ed@vetequals, mode:EDIT
2026-04-14 09:18:13, MOVE, v:1, k:ed@vetequals, mode:EDIT
2026-04-14 09:21:46, MOVE, v:1, k:ed@vetequals, mode:EDIT
2026-04-14 09:22:20, SELF, v:1, k:ed@vetequals, self:1, rate:100, study:4
2026-04-14 09:22:22, MOVE, v:1, k:ed@vetequals, mode:BACK
2026-04-14 09:22:49, SELF, v:1, k:ed@+recursao, self:1, study:30
2026-04-14 09:23:32, MOVE, v:1, k:ed@fractais_png, mode:PICK
2026-04-14 09:23:34, EXEC, v:1, k:ed@fractais_png, mode:LOCK, rate:0, size:182
2026-04-14 09:23:34, EXEC, v:1, k:ed@fractais_png, mode:LOCK, rate:0, size:182
2026-04-14 09:24:33, MOVE, v:1, k:ed@fractais_png, mode:BACK
