2026-05-11 22:14:44, MOVE, v:1, k:ed@vetbuild, mode:PICK
2026-05-11 22:14:45, EXEC, v:1, k:ed@vetbuild, mode:FULL, size:172, fail:COMP
2026-05-11 22:15:27, EXEC, v:1, k:ed@vetbuild, mode:FULL, fail:COMP
2026-05-11 22:15:28, EXEC, v:1, k:ed@vetbuild, mode:FULL, fail:COMP
2026-05-11 22:15:29, EXEC, v:1, k:ed@vetbuild, mode:FULL, fail:COMP
2026-05-11 22:15:29, EXEC, v:1, k:ed@vetbuild, mode:FULL, fail:COMP
2026-05-11 22:15:29, EXEC, v:1, k:ed@vetbuild, mode:FULL, fail:COMP
2026-05-11 22:15:29, EXEC, v:1, k:ed@vetbuild, mode:FULL, fail:COMP
2026-05-11 22:15:30, EXEC, v:1, k:ed@vetbuild, mode:FULL, fail:COMP
2026-05-11 22:15:30, EXEC, v:1, k:ed@vetbuild, mode:FULL, fail:COMP
2026-05-11 22:15:30, EXEC, v:1, k:ed@vetbuild, mode:FULL, fail:COMP
2026-05-11 22:15:30, EXEC, v:1, k:ed@vetbuild, mode:FULL, fail:COMP
2026-05-11 22:15:31, EXEC, v:1, k:ed@vetbuild, mode:FULL, fail:COMP
2026-05-11 22:15:37, EXEC, v:1, k:ed@vetbuild, mode:FULL, rate:0, size:172
2026-05-11 22:15:36, MOVE, v:1, k:ed@vetbuild, mode:EDIT
2026-05-11 22:25:58, EXEC, v:1, k:ed@vetbuild, mode:FULL, rate:0, size:184
2026-05-11 22:26:10, EXEC, v:1, k:ed@vetbuild, mode:FULL, rate:0
2026-05-11 22:26:11, EXEC, v:1, k:ed@vetbuild, mode:FULL, rate:0
2026-05-11 22:26:17, EXEC, v:1, k:ed@vetbuild, mode:FULL, rate:0
2026-05-11 22:27:24, EXEC, v:1, k:ed@vetbuild, mode:FULL, rate:0
2026-05-11 22:27:24, EXEC, v:1, k:ed@vetbuild, mode:FULL, rate:0
2026-05-11 22:27:25, EXEC, v:1, k:ed@vetbuild, mode:FULL, rate:0
2026-05-11 22:27:25, EXEC, v:1, k:ed@vetbuild, mode:FULL, rate:0
2026-05-11 22:27:32, EXEC, v:1, k:ed@vetbuild, mode:FULL, rate:0
2026-05-11 22:27:33, EXEC, v:1, k:ed@vetbuild, mode:FULL, rate:0
2026-05-11 22:27:33, EXEC, v:1, k:ed@vetbuild, mode:FULL, rate:0
2026-05-11 22:27:57, EXEC, v:1, k:ed@vetbuild, mode:FULL, rate:0
2026-05-11 22:27:58, EXEC, v:1, k:ed@vetbuild, mode:FULL, rate:0
2026-05-11 22:27:58, EXEC, v:1, k:ed@vetbuild, mode:FULL, rate:0
2026-05-11 22:27:31, MOVE, v:1, k:ed@vetbuild, mode:EDIT
2026-05-11 22:29:26, EXEC, v:1, k:ed@vetbuild, mode:FULL, rate:0
2026-05-11 22:29:28, EXEC, v:1, k:ed@vetbuild, mode:FULL, rate:0
2026-05-11 22:29:29, EXEC, v:1, k:ed@vetbuild, mode:FULL, rate:0
2026-05-11 22:29:34, EXEC, v:1, k:ed@vetbuild, mode:FULL, rate:0, size:184
2026-05-11 22:29:32, MOVE, v:1, k:ed@vetbuild, mode:EDIT
2026-05-11 22:43:48, EXEC, v:1, k:ed@vetbuild, mode:FULL, rate:18, size:184
2026-05-11 22:43:46, MOVE, v:1, k:ed@vetbuild, mode:EDIT
2026-05-11 22:53:31, EXEC, v:1, k:ed@vetbuild, mode:FULL, rate:18
2026-05-11 22:53:42, EXEC, v:1, k:ed@vetbuild, mode:FULL, rate:18, size:191
2026-05-11 22:53:39, MOVE, v:1, k:ed@vetbuild, mode:EDIT
2026-05-11 23:01:38, MOVE, v:1, k:ed@vetbuild, mode:EDIT
2026-05-11 23:05:09, EXEC, v:1, k:ed@vetbuild, mode:FULL, size:193, fail:COMP
2026-05-11 23:05:59, EXEC, v:1, k:ed@vetbuild, mode:FULL, rate:27, size:201
2026-05-11 23:08:49, EXEC, v:1, k:ed@vetbuild, mode:FULL, rate:27
2026-05-11 23:08:53, EXEC, v:1, k:ed@vetbuild, mode:FULL, rate:36, size:208
2026-05-11 23:08:52, MOVE, v:1, k:ed@vetbuild, mode:EDIT
2026-05-11 23:09:19, MOVE, v:1, k:ed@vetbuild, mode:BACK
