2026-06-01 15:57:14, MOVE, v:1, k:ed@labirinto, mode:PICK
2026-06-01 15:57:15, EXEC, v:1, k:ed@labirinto, mode:FULL, rate:100
2026-06-01 15:57:18, MOVE, v:1, k:ed@labirinto, mode:BACK
2026-06-01 15:57:43, MOVE, v:1, k:ed@enesimo, mode:PICK
2026-06-01 15:57:46, EXEC, v:1, k:ed@enesimo, mode:FULL, rate:12
2026-06-01 15:59:15, EXEC, v:1, k:ed@enesimo, mode:FULL, rate:0, size:38
2026-06-01 15:59:15, EXEC, v:1, k:ed@enesimo, mode:FULL, rate:0, size:38
2026-06-01 15:59:16, EXEC, v:1, k:ed@enesimo, mode:FULL, rate:0, size:38
2026-06-01 15:59:17, EXEC, v:1, k:ed@enesimo, mode:FULL, rate:0
2026-06-01 16:00:12, EXEC, v:1, k:ed@enesimo, mode:FULL, rate:100, size:38
2026-06-01 16:00:11, MOVE, v:1, k:ed@enesimo, mode:EDIT
2026-06-01 16:03:10, MOVE, v:1, k:ed@enesimo, mode:BACK
2026-06-01 16:03:53, SELF, v:1, k:ed@enesimo, self:1, rate:100, study:20
2026-06-01 16:04:38, MOVE, v:1, k:ed@pintando, mode:PICK
2026-06-01 16:04:39, EXEC, v:1, k:ed@pintando, mode:FULL, rate:100
2026-06-01 16:04:39, EXEC, v:1, k:ed@pintando, mode:FULL, rate:100
2026-06-01 16:04:40, EXEC, v:1, k:ed@pintando, mode:FULL, rate:100
2026-06-01 16:04:41, MOVE, v:1, k:ed@pintando, mode:BACK
2026-06-01 16:09:36, MOVE, v:1, k:ed@especiais, mode:PICK
2026-06-01 16:09:37, EXEC, v:1, k:ed@especiais, mode:FULL, rate:0
2026-06-01 16:10:20, EXEC, v:1, k:ed@especiais, mode:FULL, rate:0
2026-06-01 16:10:21, EXEC, v:1, k:ed@especiais, mode:FULL, rate:0
2026-06-01 16:10:21, EXEC, v:1, k:ed@especiais, mode:FULL, rate:0
2026-06-01 16:10:22, EXEC, v:1, k:ed@especiais, mode:FULL, rate:0
2026-06-01 16:10:22, EXEC, v:1, k:ed@especiais, mode:FULL, rate:0
2026-06-01 16:10:22, EXEC, v:1, k:ed@especiais, mode:FULL, rate:0
2026-06-01 16:10:22, EXEC, v:1, k:ed@especiais, mode:FULL, rate:0
2026-06-01 16:10:23, EXEC, v:1, k:ed@especiais, mode:FULL, rate:0
2026-06-01 16:10:23, EXEC, v:1, k:ed@especiais, mode:FULL, rate:0
2026-06-01 16:10:23, EXEC, v:1, k:ed@especiais, mode:FULL, rate:0
2026-06-01 16:10:23, EXEC, v:1, k:ed@especiais, mode:FULL, rate:0
2026-06-01 16:10:23, EXEC, v:1, k:ed@especiais, mode:FULL, rate:0
2026-06-01 16:10:24, EXEC, v:1, k:ed@especiais, mode:FULL, rate:0
2026-06-01 16:10:25, EXEC, v:1, k:ed@especiais, mode:FULL, rate:0
2026-06-01 16:10:40, EXEC, v:1, k:ed@especiais, mode:FULL, rate:0
2026-06-01 16:10:40, EXEC, v:1, k:ed@especiais, mode:FULL, rate:0
2026-06-01 16:10:41, EXEC, v:1, k:ed@especiais, mode:FULL, rate:0
2026-06-01 16:10:42, EXEC, v:1, k:ed@especiais, mode:FULL, rate:0
2026-06-01 16:10:42, EXEC, v:1, k:ed@especiais, mode:FULL, rate:0
2026-06-01 16:10:43, EXEC, v:1, k:ed@especiais, mode:FULL, rate:0
2026-06-01 16:10:43, EXEC, v:1, k:ed@especiais, mode:FULL, rate:0
2026-06-01 16:10:44, EXEC, v:1, k:ed@especiais, mode:FULL, rate:0
2026-06-01 16:10:44, EXEC, v:1, k:ed@especiais, mode:FULL, rate:0
2026-06-01 16:10:45, EXEC, v:1, k:ed@especiais, mode:FULL, rate:0
2026-06-01 16:10:46, EXEC, v:1, k:ed@especiais, mode:FULL, rate:0
2026-06-01 16:10:47, EXEC, v:1, k:ed@especiais, mode:FULL, rate:0
2026-06-01 16:10:48, EXEC, v:1, k:ed@especiais, mode:FULL, rate:0
2026-06-01 16:10:49, EXEC, v:1, k:ed@especiais, mode:FULL, rate:0
