2026-05-28 13:14:34, MOVE, v:1, k:ed@multiset, mode:PICK
2026-05-28 13:14:35, EXEC, v:1, k:ed@multiset, mode:FULL, rate:50
2026-05-28 13:17:17, MOVE, v:1, k:ed@multiset, mode:BACK
2026-05-28 13:19:14, MOVE, v:1, k:ed@multiset, mode:PICK
2026-05-28 13:19:15, EXEC, v:1, k:ed@multiset, mode:FULL, rate:50, size:193
2026-05-28 13:19:17, EXEC, v:1, k:ed@multiset, mode:FULL, rate:50
2026-05-28 13:19:27, EXEC, v:1, k:ed@multiset, mode:FULL, rate:66, size:193
2026-05-28 13:19:35, MOVE, v:1, k:ed@multiset, mode:EDIT
2026-05-28 13:27:28, MOVE, v:1, k:ed@multiset, mode:EDIT
2026-05-28 13:28:01, EXEC, v:1, k:ed@multiset, mode:FULL, rate:83, size:208
2026-05-28 13:29:36, EXEC, v:1, k:ed@multiset, mode:FULL, rate:100, size:215
2026-05-28 13:29:39, EXEC, v:1, k:ed@multiset, mode:FULL, rate:100
2026-05-28 13:29:39, EXEC, v:1, k:ed@multiset, mode:FULL, rate:100
2026-05-28 13:29:40, EXEC, v:1, k:ed@multiset, mode:FULL, rate:100
2026-05-28 13:29:41, EXEC, v:1, k:ed@multiset, mode:FULL, rate:100
2026-05-28 13:29:41, EXEC, v:1, k:ed@multiset, mode:FULL, rate:100
2026-05-28 13:29:41, EXEC, v:1, k:ed@multiset, mode:FULL, rate:100
2026-05-28 13:29:42, EXEC, v:1, k:ed@multiset, mode:FULL, rate:100
2026-05-28 13:29:42, EXEC, v:1, k:ed@multiset, mode:FULL, rate:100
2026-05-28 13:29:46, MOVE, v:1, k:ed@multiset, mode:BACK
2026-05-28 13:30:19, SELF, v:1, k:ed@multiset, self:1, rate:100, study:124
2026-05-28 13:31:17, MOVE, v:1, k:ed@especiais, mode:PICK
2026-05-28 13:31:18, EXEC, v:1, k:ed@especiais, mode:FULL, rate:0
2026-05-28 13:31:22, EXEC, v:1, k:ed@especiais, mode:FULL, rate:0
2026-05-28 13:31:25, MOVE, v:1, k:ed@especiais, mode:BACK
2026-05-28 13:29:33, MOVE, v:1, k:ed@multiset, mode:EDIT
2026-05-28 13:32:32, SELF, v:1, k:ed@mdc, self:1, rate:100, study:13
2026-05-28 13:34:09, MOVE, v:1, k:ed@enesimo, mode:PICK
2026-05-28 13:34:10, EXEC, v:1, k:ed@enesimo, mode:FULL, rate:0
2026-05-28 13:34:18, MOVE, v:1, k:ed@enesimo, mode:BACK
2026-05-28 13:48:51, MOVE, v:1, k:ed@labirinto, mode:PICK
2026-05-28 13:48:51, EXEC, v:1, k:ed@labirinto, mode:FULL, rate:100
2026-05-28 13:48:53, EXEC, v:1, k:ed@labirinto, mode:FULL, rate:100
2026-05-28 13:48:58, EXEC, v:1, k:ed@labirinto, mode:FULL, rate:100
2026-05-28 13:49:00, MOVE, v:1, k:ed@labirinto, mode:BACK
2026-05-28 13:49:38, SELF, v:1, k:ed@labirinto, self:1, rate:100, study:45
2026-05-28 13:50:24, MOVE, v:1, k:ed@enesimo, mode:PICK
2026-05-28 13:50:25, EXEC, v:1, k:ed@enesimo, mode:FULL, rate:0
2026-05-28 13:53:26, MOVE, v:1, k:ed@enesimo, mode:EDIT
2026-05-28 13:58:33, MOVE, v:1, k:ed@enesimo, mode:EDIT
2026-05-28 14:03:25, MOVE, v:1, k:ed@enesimo, mode:EDIT
2026-05-28 14:03:46, EXEC, v:1, k:ed@enesimo, mode:FULL, rate:0, size:38
2026-05-28 14:04:18, EXEC, v:1, k:ed@enesimo, mode:FULL, rate:0
2026-05-28 14:05:33, EXEC, v:1, k:ed@enesimo, mode:FULL, rate:12, size:38
2026-05-28 14:05:37, EXEC, v:1, k:ed@enesimo, mode:FULL, rate:12
2026-05-28 14:06:02, MOVE, v:1, k:ed@enesimo, mode:BACK
