2026-06-25 15:47:21, MOVE, v:1, k:ed@subset_sum, mode:PICK
2026-06-25 15:47:22, EXEC, v:1, k:ed@subset_sum, mode:FULL, rate:29
2026-06-25 15:47:31, MOVE, v:1, k:ed@subset_sum, mode:BACK
2026-06-25 15:48:35, MOVE, v:1, k:ed@subset_sum, mode:PICK
2026-06-25 15:48:38, EXEC, v:1, k:ed@subset_sum, mode:FULL, rate:29
2026-06-25 15:51:49, MOVE, v:1, k:ed@subset_sum, mode:EDIT
2026-06-25 15:56:02, MOVE, v:1, k:ed@subset_sum, mode:BACK
2026-06-25 15:56:16, MOVE, v:1, k:ed@subset_sum, mode:PICK
2026-06-25 15:56:16, EXEC, v:1, k:ed@subset_sum, mode:FULL, size:20, fail:COMP
2026-06-25 15:57:58, MOVE, v:1, k:ed@subset_sum, mode:EDIT
2026-06-25 16:01:29, EXEC, v:1, k:ed@subset_sum, mode:FULL, rate:0, size:40
2026-06-25 16:02:14, EXEC, v:1, k:ed@subset_sum, mode:FULL, rate:29, size:40
2026-06-25 16:02:16, EXEC, v:1, k:ed@subset_sum, mode:FULL, rate:29
2026-06-25 16:02:37, EXEC, v:1, k:ed@subset_sum, mode:FULL, rate:0, size:40
2026-06-25 16:03:17, EXEC, v:1, k:ed@subset_sum, mode:FULL, rate:29, size:40
2026-06-25 16:03:15, MOVE, v:1, k:ed@subset_sum, mode:EDIT
2026-06-25 16:08:22, EXEC, v:1, k:ed@subset_sum, mode:FULL, rate:100, size:37
2026-06-25 16:08:21, MOVE, v:1, k:ed@subset_sum, mode:EDIT
2026-06-25 16:08:55, EXEC, v:1, k:ed@subset_sum, mode:FULL, rate:100
2026-06-25 16:08:56, EXEC, v:1, k:ed@subset_sum, mode:FULL, rate:100
2026-06-25 16:08:56, EXEC, v:1, k:ed@subset_sum, mode:FULL, rate:100
2026-06-25 16:09:06, MOVE, v:1, k:ed@subset_sum, mode:BACK
2026-06-25 16:09:29, SELF, v:1, k:ed@subset_sum, self:1, rate:100, study:70
2026-06-25 16:09:39, MOVE, v:1, k:ed@distancia, mode:DOWN
2026-06-25 16:09:41, MOVE, v:1, k:ed@distancia, mode:PICK
2026-06-25 16:09:42, EXEC, v:1, k:ed@distancia, mode:FULL, rate:0, size:5
2026-06-25 16:09:39, MOVE, v:1, k:ed@distancia, mode:EDIT
2026-06-25 16:09:39, MOVE, v:1, k:ed@distancia, mode:EDIT
2026-06-25 16:22:27, EXEC, v:1, k:ed@distancia, mode:FULL, rate:0, size:21
2026-06-25 16:22:23, MOVE, v:1, k:ed@distancia, mode:EDIT
2026-06-25 16:25:29, MOVE, v:1, k:ed@distancia, mode:EDIT
2026-06-25 16:33:06, EXEC, v:1, k:ed@distancia, mode:FULL, rate:0, size:21
2026-06-25 16:33:07, EXEC, v:1, k:ed@distancia, mode:FULL, rate:0
2026-06-25 16:33:07, EXEC, v:1, k:ed@distancia, mode:FULL, rate:0
2026-06-25 16:33:07, EXEC, v:1, k:ed@distancia, mode:FULL, rate:0
2026-06-25 16:33:08, EXEC, v:1, k:ed@distancia, mode:FULL, rate:0
2026-06-25 16:33:08, EXEC, v:1, k:ed@distancia, mode:FULL, rate:0
2026-06-25 16:33:08, EXEC, v:1, k:ed@distancia, mode:FULL, rate:0
2026-06-25 16:33:09, EXEC, v:1, k:ed@distancia, mode:FULL, rate:0
2026-06-25 16:33:09, MOVE, v:1, k:ed@distancia, mode:BACK
2026-06-25 16:33:25, MOVE, v:1, k:ed@distancia, mode:PICK
2026-06-25 16:33:26, EXEC, v:1, k:ed@distancia, mode:FULL, rate:0
2026-06-25 16:35:35, MOVE, v:1, k:ed@distancia, mode:EDIT
2026-06-25 16:43:06, EXEC, v:1, k:ed@distancia, mode:FULL, rate:0, size:49
2026-06-25 16:43:07, EXEC, v:1, k:ed@distancia, mode:FULL, rate:0
2026-06-25 16:43:07, EXEC, v:1, k:ed@distancia, mode:FULL, rate:0
2026-06-25 16:43:07, EXEC, v:1, k:ed@distancia, mode:FULL, rate:0
2026-06-25 16:43:05, MOVE, v:1, k:ed@distancia, mode:EDIT
2026-06-25 16:50:14, EXEC, v:1, k:ed@distancia, mode:FULL, rate:28, size:74
2026-06-25 16:50:19, EXEC, v:1, k:ed@distancia, mode:FULL, rate:28
2026-06-25 16:50:20, EXEC, v:1, k:ed@distancia, mode:FULL, rate:28
