2026-03-13 15:07:25, MOVE, v:1, k:ed@mumia, mode:DOWN
2026-03-13 15:22:20, MOVE, v:1, k:ed@mumia, mode:PICK
2026-03-13 15:22:22, EXEC, v:1, k:ed@mumia, mode:FREE, size:35
2026-03-13 15:24:05, EXEC, v:1, k:ed@mumia, mode:FULL, rate:100, size:34
2026-03-13 15:24:21, EXEC, v:1, k:ed@mumia, mode:FULL, rate:100
2026-03-13 15:24:27, MOVE, v:1, k:ed@mumia, mode:BACK
2026-03-13 15:25:16, SELF, v:1, k:ed@mumia, self:1, rate:100, study:17, friend:nao
2026-03-13 16:09:31, MOVE, v:1, k:ed@fuga, mode:DOWN
2026-03-13 16:27:03, MOVE, v:1, k:ed@fuga, mode:PICK
2026-03-13 16:27:05, EXEC, v:1, k:ed@fuga, mode:FREE, size:45
2026-03-13 16:28:24, EXEC, v:1, k:ed@fuga, mode:FULL, rate:90
2026-03-13 16:28:34, EXEC, v:1, k:ed@fuga, mode:FULL, rate:90, size:44
2026-03-13 16:33:42, EXEC, v:1, k:ed@fuga, mode:FREE, size:47
2026-03-13 16:34:24, EXEC, v:1, k:ed@fuga, mode:FULL, rate:80
2026-03-13 16:34:27, EXEC, v:1, k:ed@fuga, mode:FULL, rate:80
2026-03-13 16:34:27, EXEC, v:1, k:ed@fuga, mode:FULL, rate:80
2026-03-13 16:34:28, EXEC, v:1, k:ed@fuga, mode:FULL, rate:80
2026-03-13 16:36:52, EXEC, v:1, k:ed@fuga, mode:FULL, rate:90, size:45
2026-03-13 16:39:15, EXEC, v:1, k:ed@fuga, mode:FULL, rate:10, size:45
2026-03-13 16:41:17, MOVE, v:1, k:ed@fuga, mode:PICK
2026-03-13 16:41:20, EXEC, v:1, k:ed@fuga, mode:FULL, rate:10, size:45
2026-03-13 16:41:31, MOVE, v:1, k:ed@fuga, mode:BACK
