2026-06-15 13:51:50, MOVE, v:1, k:ed@bufferring, mode:PICK
2026-06-15 13:51:51, EXEC, v:1, k:ed@bufferring, mode:FULL, rate:33
2026-06-15 13:53:02, EXEC, v:1, k:ed@bufferring, mode:FULL, rate:33, size:162
2026-06-15 13:53:13, EXEC, v:1, k:ed@bufferring, mode:FULL, rate:33
2026-06-15 13:53:14, EXEC, v:1, k:ed@bufferring, mode:FULL, rate:33
2026-06-15 13:53:17, EXEC, v:1, k:ed@bufferring, mode:FULL, rate:33
2026-06-15 13:55:35, EXEC, v:1, k:ed@bufferring, mode:FULL, rate:50, size:162
2026-06-15 13:56:01, EXEC, v:1, k:ed@bufferring, mode:FULL, rate:66, size:162
2026-06-15 13:56:00, MOVE, v:1, k:ed@bufferring, mode:EDIT
2026-06-15 13:59:23, EXEC, v:1, k:ed@bufferring, mode:FULL, rate:66, size:172
2026-06-15 14:00:16, MOVE, v:1, k:ed@bufferring, mode:PICK
2026-06-15 14:00:17, EXEC, v:1, k:ed@bufferring, mode:FULL, rate:83, size:172
2026-06-15 14:00:46, MOVE, v:1, k:ed@bufferring, mode:EDIT
2026-06-15 14:05:27, EXEC, v:1, k:ed@bufferring, mode:FULL, rate:83, size:177
2026-06-15 14:07:44, EXEC, v:1, k:ed@bufferring, mode:FULL, rate:83, size:182
2026-06-15 14:08:00, EXEC, v:1, k:ed@bufferring, mode:FULL, rate:83, size:182
2026-06-15 14:08:02, EXEC, v:1, k:ed@bufferring, mode:FULL, rate:83
2026-06-15 14:09:27, EXEC, v:1, k:ed@bufferring, mode:FULL, rate:100, size:186
2026-06-15 14:09:54, EXEC, v:1, k:ed@bufferring, mode:FULL, rate:100
2026-06-15 14:09:55, MOVE, v:1, k:ed@bufferring, mode:BACK
2026-06-15 14:10:09, SELF, v:1, k:ed@bufferring, self:1, rate:100, study:61
2026-06-15 14:09:26, MOVE, v:1, k:ed@bufferring, mode:EDIT
2026-06-15 14:10:43, MOVE, v:1, k:ed@fila_enc, mode:DOWN
2026-06-15 14:10:46, MOVE, v:1, k:ed@fila_enc, mode:PICK
2026-06-15 14:10:47, EXEC, v:1, k:ed@fila_enc, mode:FULL, rate:0, size:82
2026-06-15 14:10:43, MOVE, v:1, k:ed@fila_enc, mode:EDIT
2026-06-15 14:10:43, MOVE, v:1, k:ed@fila_enc, mode:EDIT
2026-06-15 14:10:43, MOVE, v:1, k:ed@fila_enc, mode:EDIT
2026-06-15 14:19:10, MOVE, v:1, k:ed@fila_enc, mode:EDIT
2026-06-15 14:21:38, EXEC, v:1, k:ed@fila_enc, mode:FULL, rate:0, size:97
2026-06-15 14:22:08, EXEC, v:1, k:ed@fila_enc, mode:FULL, rate:0
2026-06-15 14:21:54, MOVE, v:1, k:ed@fila_enc, mode:EDIT
2026-06-15 14:27:39, EXEC, v:1, k:ed@fila_enc, mode:FULL, rate:0, size:96
2026-06-15 14:27:58, EXEC, v:1, k:ed@fila_enc, mode:FULL, rate:33, size:98
2026-06-15 14:27:56, MOVE, v:1, k:ed@fila_enc, mode:EDIT
2026-06-15 14:30:36, EXEC, v:1, k:ed@fila_enc, mode:FULL, size:106, fail:COMP
2026-06-15 14:31:43, MOVE, v:1, k:ed@fila_enc, mode:PICK
2026-06-15 14:31:44, EXEC, v:1, k:ed@fila_enc, mode:FULL, size:106, fail:COMP
2026-06-15 14:31:55, EXEC, v:1, k:ed@fila_enc, mode:FULL, fail:COMP
2026-06-15 14:32:08, EXEC, v:1, k:ed@fila_enc, mode:FULL, rate:66, size:106
2026-06-15 14:34:12, EXEC, v:1, k:ed@fila_enc, mode:FULL, rate:66, size:114
2026-06-15 14:34:27, EXEC, v:1, k:ed@fila_enc, mode:FULL, size:114, fail:COMP
2026-06-15 14:35:51, EXEC, v:1, k:ed@fila_enc, mode:FULL, rate:100, size:115
2026-06-15 14:35:50, MOVE, v:1, k:ed@fila_enc, mode:EDIT
2026-06-15 14:37:14, EXEC, v:1, k:ed@fila_enc, mode:FULL, rate:100, size:118
2026-06-15 14:41:16, MOVE, v:1, k:ed@fila_enc, mode:EDIT
2026-06-15 14:42:04, EXEC, v:1, k:ed@fila_enc, mode:FULL, rate:0, size:125
2026-06-15 14:43:07, EXEC, v:1, k:ed@fila_enc, mode:FULL, rate:0, size:125
2026-06-15 14:43:09, EXEC, v:1, k:ed@fila_enc, mode:FULL, rate:0
2026-06-15 14:43:09, EXEC, v:1, k:ed@fila_enc, mode:FULL, rate:0
2026-06-15 14:43:26, EXEC, v:1, k:ed@fila_enc, mode:FULL, rate:0, size:125
2026-06-15 14:43:28, EXEC, v:1, k:ed@fila_enc, mode:FULL, rate:0
2026-06-15 14:43:29, EXEC, v:1, k:ed@fila_enc, mode:FULL, rate:0
2026-06-15 14:43:29, EXEC, v:1, k:ed@fila_enc, mode:FULL, rate:0
2026-06-15 14:43:29, EXEC, v:1, k:ed@fila_enc, mode:FULL, rate:0
2026-06-15 14:43:30, EXEC, v:1, k:ed@fila_enc, mode:FULL, rate:0
2026-06-15 14:43:30, EXEC, v:1, k:ed@fila_enc, mode:FULL, rate:0
2026-06-15 14:43:30, EXEC, v:1, k:ed@fila_enc, mode:FULL, rate:0
2026-06-15 14:43:31, EXEC, v:1, k:ed@fila_enc, mode:FULL, rate:0
2026-06-15 14:43:31, EXEC, v:1, k:ed@fila_enc, mode:FULL, rate:0
2026-06-15 14:43:31, EXEC, v:1, k:ed@fila_enc, mode:FULL, rate:0
2026-06-15 14:43:32, EXEC, v:1, k:ed@fila_enc, mode:FULL, rate:0
2026-06-15 14:43:32, EXEC, v:1, k:ed@fila_enc, mode:FULL, rate:0
2026-06-15 14:43:32, EXEC, v:1, k:ed@fila_enc, mode:FULL, rate:0
2026-06-15 14:43:33, EXEC, v:1, k:ed@fila_enc, mode:FULL, rate:0
2026-06-15 14:45:48, EXEC, v:1, k:ed@fila_enc, mode:FULL, rate:100, size:128
2026-06-15 14:46:15, MOVE, v:1, k:ed@fila_enc, mode:BACK
2026-06-15 14:45:35, MOVE, v:1, k:ed@fila_enc, mode:EDIT
2026-06-15 14:46:54, SELF, v:1, k:ed@fila_enc, self:1, rate:100, study:35
2026-06-15 14:47:15, MOVE, v:1, k:ed@pilha, mode:DOWN
