2026-04-05 20:16:57, MOVE, v:1, k:ed@fractais_png, mode:DOWN
2026-04-05 21:50:13, MOVE, v:1, k:ed@fractais_png, mode:PICK
2026-04-05 21:50:14, EXEC, v:1, k:ed@fractais_png, mode:LOCK, rate:0, size:136
2026-04-05 21:50:27, MOVE, v:1, k:ed@fractais_png, mode:BACK
2026-04-05 21:50:36, MOVE, v:1, k:ed@fractais_png, mode:PICK
2026-04-05 21:50:37, EXEC, v:1, k:ed@fractais_png, mode:LOCK, rate:0
2026-04-05 21:50:38, EXEC, v:1, k:ed@fractais_png, mode:LOCK, rate:0
2026-04-05 21:50:38, EXEC, v:1, k:ed@fractais_png, mode:LOCK, rate:0
2026-04-05 21:50:39, EXEC, v:1, k:ed@fractais_png, mode:LOCK, rate:0
2026-04-05 21:50:39, EXEC, v:1, k:ed@fractais_png, mode:LOCK, rate:0
2026-04-05 21:50:39, EXEC, v:1, k:ed@fractais_png, mode:LOCK, rate:0
2026-04-05 21:50:40, EXEC, v:1, k:ed@fractais_png, mode:LOCK, rate:0
2026-04-05 21:50:47, EXEC, v:1, k:ed@fractais_png, mode:LOCK, rate:0
2026-04-05 21:50:48, EXEC, v:1, k:ed@fractais_png, mode:LOCK, rate:0
2026-04-05 21:50:50, MOVE, v:1, k:ed@fractais_png, mode:BACK
2026-04-05 21:51:16, MOVE, v:1, k:ed@triangulo, mode:DOWN
2026-04-05 22:17:58, MOVE, v:1, k:ed@triangulo, mode:PICK
2026-04-05 22:18:00, EXEC, v:1, k:ed@triangulo, mode:FULL, rate:0, size:57
2026-04-05 22:18:13, EXEC, v:1, k:ed@triangulo, mode:FULL, rate:0, size:57
2026-04-05 22:18:30, EXEC, v:1, k:ed@triangulo, mode:FULL, rate:0, size:57
2026-04-05 22:20:07, EXEC, v:1, k:ed@triangulo, mode:FULL, rate:0, size:58
2026-04-05 22:21:50, EXEC, v:1, k:ed@triangulo, mode:FULL, rate:100, size:59
2026-04-05 22:21:58, MOVE, v:1, k:ed@triangulo, mode:BACK
2026-04-05 22:22:29, SELF, v:1, k:ed@triangulo, self:1, rate:100, study:35
2026-04-05 22:22:35, MOVE, v:1, k:ed@treinando, mode:DOWN
2026-04-05 22:36:54, MOVE, v:1, k:ed@treinando, mode:PICK
2026-04-05 23:37:06, EXEC, v:1, k:ed@treinando, mode:FULL, rate:0, size:100
2026-04-05 23:38:01, EXEC, v:1, k:ed@treinando, mode:FULL, rate:0, size:98
2026-04-05 23:39:50, EXEC, v:1, k:ed@treinando, mode:FULL, rate:0, size:102
2026-04-05 23:42:09, EXEC, v:1, k:ed@treinando, mode:FULL, rate:0, size:97
2026-04-05 23:43:40, EXEC, v:1, k:ed@treinando, mode:FULL, rate:16, size:96
2026-04-05 23:46:02, EXEC, v:1, k:ed@treinando, mode:FULL, rate:0, size:96
2026-04-05 23:46:18, MOVE, v:1, k:ed@treinando, mode:PICK
2026-04-05 23:46:26, EXEC, v:1, k:ed@treinando, mode:FULL, rate:16, size:96
2026-04-05 23:49:27, EXEC, v:1, k:ed@treinando, mode:FULL, rate:33, size:108
