2026-07-01 01:28:20, MOVE, v:1, k:ed@sudoku, mode:PICK
2026-07-01 01:28:21, EXEC, v:1, k:ed@sudoku, mode:FULL, rate:0
2026-07-01 01:28:28, MOVE, v:1, k:ed@sudoku, mode:BACK
2026-07-01 16:29:56, MOVE, v:1, k:ed@sudoku, mode:PICK
2026-07-01 16:29:57, EXEC, v:1, k:ed@sudoku, mode:FULL, rate:0
2026-07-01 16:30:13, MOVE, v:1, k:ed@sudoku, mode:EDIT
2026-07-01 16:36:45, EXEC, v:1, k:ed@sudoku, mode:FULL, rate:0, size:19
2026-07-01 16:36:40, MOVE, v:1, k:ed@sudoku, mode:EDIT
2026-07-01 16:44:08, MOVE, v:1, k:ed@sudoku, mode:EDIT
2026-07-01 16:45:48, EXEC, v:1, k:ed@sudoku, mode:FULL, size:49, fail:COMP
2026-07-01 16:45:50, EXEC, v:1, k:ed@sudoku, mode:FULL, fail:COMP
2026-07-01 16:45:50, EXEC, v:1, k:ed@sudoku, mode:FULL, fail:COMP
2026-07-01 16:45:50, EXEC, v:1, k:ed@sudoku, mode:FULL, fail:COMP
2026-07-01 16:45:50, EXEC, v:1, k:ed@sudoku, mode:FULL, fail:COMP
2026-07-01 16:45:51, EXEC, v:1, k:ed@sudoku, mode:FULL, fail:COMP
2026-07-01 16:45:51, EXEC, v:1, k:ed@sudoku, mode:FULL, fail:COMP
2026-07-01 16:45:51, EXEC, v:1, k:ed@sudoku, mode:FULL, fail:COMP
2026-07-01 16:45:52, EXEC, v:1, k:ed@sudoku, mode:FULL, fail:COMP
2026-07-01 16:45:52, EXEC, v:1, k:ed@sudoku, mode:FULL, fail:COMP
2026-07-01 16:45:52, EXEC, v:1, k:ed@sudoku, mode:FULL, fail:COMP
2026-07-01 16:45:52, EXEC, v:1, k:ed@sudoku, mode:FULL, fail:COMP
2026-07-01 16:45:52, EXEC, v:1, k:ed@sudoku, mode:FULL, fail:COMP
2026-07-01 16:45:53, EXEC, v:1, k:ed@sudoku, mode:FULL, fail:COMP
2026-07-01 16:45:53, EXEC, v:1, k:ed@sudoku, mode:FULL, fail:COMP
2026-07-01 16:45:53, EXEC, v:1, k:ed@sudoku, mode:FULL, fail:COMP
2026-07-01 16:45:53, EXEC, v:1, k:ed@sudoku, mode:FULL, fail:COMP
2026-07-01 16:45:53, EXEC, v:1, k:ed@sudoku, mode:FULL, fail:COMP
2026-07-01 16:45:54, EXEC, v:1, k:ed@sudoku, mode:FULL, fail:COMP
2026-07-01 16:45:54, EXEC, v:1, k:ed@sudoku, mode:FULL, fail:COMP
2026-07-01 16:45:54, EXEC, v:1, k:ed@sudoku, mode:FULL, fail:COMP
2026-07-01 16:45:54, EXEC, v:1, k:ed@sudoku, mode:FULL, fail:COMP
2026-07-01 16:45:54, EXEC, v:1, k:ed@sudoku, mode:FULL, fail:COMP
2026-07-01 16:45:54, EXEC, v:1, k:ed@sudoku, mode:FULL, fail:COMP
2026-07-01 16:45:54, EXEC, v:1, k:ed@sudoku, mode:FULL, fail:COMP
2026-07-01 16:45:55, EXEC, v:1, k:ed@sudoku, mode:FULL, fail:COMP
2026-07-01 16:45:55, EXEC, v:1, k:ed@sudoku, mode:FULL, fail:COMP
2026-07-01 16:45:55, EXEC, v:1, k:ed@sudoku, mode:FULL, fail:COMP
2026-07-01 16:45:55, EXEC, v:1, k:ed@sudoku, mode:FULL, fail:COMP
2026-07-01 16:45:55, EXEC, v:1, k:ed@sudoku, mode:FULL, fail:COMP
2026-07-01 16:45:56, EXEC, v:1, k:ed@sudoku, mode:FULL, fail:COMP
2026-07-01 16:45:56, EXEC, v:1, k:ed@sudoku, mode:FULL, fail:COMP
2026-07-01 16:45:56, EXEC, v:1, k:ed@sudoku, mode:FULL, fail:COMP
2026-07-01 16:45:47, MOVE, v:1, k:ed@sudoku, mode:EDIT
2026-07-01 16:54:25, MOVE, v:1, k:ed@sudoku, mode:EDIT
2026-07-01 16:56:46, MOVE, v:1, k:ed@sudoku, mode:EDIT
2026-07-01 17:06:44, EXEC, v:1, k:ed@sudoku, mode:FULL, rate:0, size:106
2026-07-01 17:06:51, EXEC, v:1, k:ed@sudoku, mode:FULL, rate:0
2026-07-01 17:06:52, EXEC, v:1, k:ed@sudoku, mode:FULL, rate:0
2026-07-01 17:08:02, EXEC, v:1, k:ed@sudoku, mode:FULL, rate:100, size:106
2026-07-01 17:08:05, EXEC, v:1, k:ed@sudoku, mode:FULL, rate:100
2026-07-01 17:08:06, EXEC, v:1, k:ed@sudoku, mode:FULL, rate:100
2026-07-01 17:08:07, EXEC, v:1, k:ed@sudoku, mode:FULL, rate:100
2026-07-01 17:08:07, EXEC, v:1, k:ed@sudoku, mode:FULL, rate:100
2026-07-01 17:08:08, MOVE, v:1, k:ed@sudoku, mode:BACK
2026-07-01 17:08:26, SELF, v:1, k:ed@sudoku, self:1, rate:100
2026-07-01 17:08:36, SELF, v:1, k:ed@sudoku, self:1, rate:100, study:56
2026-07-01 17:08:36, MOVE, v:1, k:ed@sudoku, mode:PICK
2026-07-01 17:08:37, EXEC, v:1, k:ed@sudoku, mode:FULL, rate:100
2026-07-01 17:08:37, MOVE, v:1, k:ed@sudoku, mode:BACK
