2026-06-08 14:02:00, MOVE, v:1, k:ed@especiais, mode:PICK
2026-06-08 14:02:01, EXEC, v:1, k:ed@especiais, mode:FULL, rate:37
2026-06-08 14:06:31, MOVE, v:1, k:ed@especiais, mode:EDIT
2026-06-08 14:10:44, MOVE, v:1, k:ed@especiais, mode:EDIT
2026-06-08 14:16:27, MOVE, v:1, k:ed@especiais, mode:EDIT
2026-06-08 14:17:04, EXEC, v:1, k:ed@especiais, mode:FULL, rate:37, size:238
2026-06-08 14:17:36, EXEC, v:1, k:ed@especiais, mode:FULL, rate:37, size:239
2026-06-08 14:18:31, EXEC, v:1, k:ed@especiais, mode:FULL, rate:37, size:243
2026-06-08 14:19:19, EXEC, v:1, k:ed@especiais, mode:FULL, rate:37
2026-06-08 14:21:26, EXEC, v:1, k:ed@especiais, mode:FULL, rate:50, size:242
2026-06-08 14:21:24, MOVE, v:1, k:ed@especiais, mode:EDIT
2026-06-08 14:31:24, MOVE, v:1, k:ed@especiais, mode:EDIT
2026-06-08 14:36:17, MOVE, v:1, k:ed@especiais, mode:EDIT
2026-06-08 14:40:45, EXEC, v:1, k:ed@especiais, mode:FULL, rate:50, size:261
2026-06-08 14:40:43, MOVE, v:1, k:ed@especiais, mode:EDIT
2026-06-08 14:42:26, EXEC, v:1, k:ed@especiais, mode:FULL, rate:62, size:262
2026-06-08 14:46:31, MOVE, v:1, k:ed@especiais, mode:EDIT
2026-06-08 14:51:27, MOVE, v:1, k:ed@especiais, mode:EDIT
2026-06-08 14:55:29, MOVE, v:1, k:ed@especiais, mode:EDIT
2026-06-08 15:00:35, MOVE, v:1, k:ed@especiais, mode:EDIT
2026-06-08 15:06:27, MOVE, v:1, k:ed@especiais, mode:EDIT
2026-06-08 15:11:22, MOVE, v:1, k:ed@especiais, mode:EDIT
2026-06-08 15:11:48, EXEC, v:1, k:ed@especiais, mode:FULL, size:275, fail:COMP
2026-06-08 15:11:49, EXEC, v:1, k:ed@especiais, mode:FULL, fail:COMP
2026-06-08 15:11:49, EXEC, v:1, k:ed@especiais, mode:FULL, fail:COMP
2026-06-08 15:11:50, EXEC, v:1, k:ed@especiais, mode:FULL, fail:COMP
2026-06-08 15:11:50, EXEC, v:1, k:ed@especiais, mode:FULL, fail:COMP
2026-06-08 15:11:50, EXEC, v:1, k:ed@especiais, mode:FULL, fail:COMP
2026-06-08 15:11:50, EXEC, v:1, k:ed@especiais, mode:FULL, fail:COMP
2026-06-08 15:11:51, EXEC, v:1, k:ed@especiais, mode:FULL, fail:COMP
2026-06-08 15:11:51, EXEC, v:1, k:ed@especiais, mode:FULL, fail:COMP
2026-06-08 15:11:51, EXEC, v:1, k:ed@especiais, mode:FULL, fail:COMP
2026-06-08 15:11:51, EXEC, v:1, k:ed@especiais, mode:FULL, fail:COMP
2026-06-08 15:12:44, EXEC, v:1, k:ed@especiais, mode:FULL, rate:62, size:264
2026-06-08 15:12:48, EXEC, v:1, k:ed@especiais, mode:FULL, rate:62
2026-06-08 15:12:50, MOVE, v:1, k:ed@especiais, mode:BACK
